execve("./PacMan", ["./PacMan"], 0x7fffa71c1720 /* 41 vars */) = 0
brk(NULL)                               = 0x14f6000
arch_prctl(0x3001 /* ARCH_??? */, 0x7ffc151b2d50) = -1 EINVAL (Argument invalide)
access("/etc/ld.so.preload", R_OK)      = -1 ENOENT (Aucun fichier ou dossier de ce type)
openat(AT_FDCWD, "/etc/ld.so.cache", O_RDONLY|O_CLOEXEC) = 3
fstat(3, {st_mode=S_IFREG|0644, st_size=55999, ...}) = 0
mmap(NULL, 55999, PROT_READ, MAP_PRIVATE, 3, 0) = 0x7f11403fd000
close(3)                                = 0
openat(AT_FDCWD, "/lib64/librt.so.1", O_RDONLY|O_CLOEXEC) = 3
read(3, "\177ELF\2\1\1\0\0\0\0\0\0\0\0\0\3\0>\0\1\0\0\0\320#\0\0\0\0\0\0"..., 832) = 832
fstat(3, {st_mode=S_IFREG|0755, st_size=69032, ...}) = 0
mmap(NULL, 8192, PROT_READ|PROT_WRITE, MAP_PRIVATE|MAP_ANONYMOUS, -1, 0) = 0x7f11403fb000
mmap(NULL, 2128832, PROT_READ|PROT_EXEC, MAP_PRIVATE|MAP_DENYWRITE, 3, 0) = 0x7f113ffd7000
mprotect(0x7f113ffde000, 2093056, PROT_NONE) = 0
mmap(0x7f11401dd000, 8192, PROT_READ|PROT_WRITE, MAP_PRIVATE|MAP_FIXED|MAP_DENYWRITE, 3, 0x6000) = 0x7f11401dd000
close(3)                                = 0
openat(AT_FDCWD, "/lib64/libpthread.so.0", O_RDONLY|O_CLOEXEC) = 3
read(3, "\177ELF\2\1\1\0\0\0\0\0\0\0\0\0\3\0>\0\1\0\0\0\200n\0\0\0\0\0\0"..., 832) = 832
fstat(3, {st_mode=S_IFREG|0755, st_size=321752, ...}) = 0
mmap(NULL, 2225344, PROT_READ|PROT_EXEC, MAP_PRIVATE|MAP_DENYWRITE, 3, 0) = 0x7f113fdb7000
mprotect(0x7f113fdd2000, 2093056, PROT_NONE) = 0
mmap(0x7f113ffd1000, 8192, PROT_READ|PROT_WRITE, MAP_PRIVATE|MAP_FIXED|MAP_DENYWRITE, 3, 0x1a000) = 0x7f113ffd1000
mmap(0x7f113ffd3000, 13504, PROT_READ|PROT_WRITE, MAP_PRIVATE|MAP_FIXED|MAP_ANONYMOUS, -1, 0) = 0x7f113ffd3000
close(3)                                = 0
openat(AT_FDCWD, "/lib64/libSDL-1.2.so.0", O_RDONLY|O_CLOEXEC) = 3
read(3, "\177ELF\2\1\1\0\0\0\0\0\0\0\0\0\3\0>\0\1\0\0\0\220\205\0\0\0\0\0\0"..., 832) = 832
lseek(3, 433832, SEEK_SET)              = 433832
read(3, "\4\0\0\0\20\0\0\0\5\0\0\0GNU\0\2\0\0\300\4\0\0\0\3\0\0\0\0\0\0\0", 32) = 32
fstat(3, {st_mode=S_IFREG|0755, st_size=458040, ...}) = 0
lseek(3, 433832, SEEK_SET)              = 433832
read(3, "\4\0\0\0\20\0\0\0\5\0\0\0GNU\0\2\0\0\300\4\0\0\0\3\0\0\0\0\0\0\0", 32) = 32
mmap(NULL, 2727960, PROT_READ|PROT_EXEC, MAP_PRIVATE|MAP_DENYWRITE, 3, 0) = 0x7f113fb1c000
mprotect(0x7f113fb86000, 2097152, PROT_NONE) = 0
mmap(0x7f113fd86000, 12288, PROT_READ|PROT_WRITE, MAP_PRIVATE|MAP_FIXED|MAP_DENYWRITE, 3, 0x6a000) = 0x7f113fd86000
mmap(0x7f113fd89000, 184344, PROT_READ|PROT_WRITE, MAP_PRIVATE|MAP_FIXED|MAP_ANONYMOUS, -1, 0) = 0x7f113fd89000
close(3)                                = 0
openat(AT_FDCWD, "/lib64/libstdc++.so.6", O_RDONLY|O_CLOEXEC) = 3
read(3, "\177ELF\2\1\1\3\0\0\0\0\0\0\0\0\3\0>\0\1\0\0\0\220\373\10\0\0\0\0\0"..., 832) = 832
lseek(3, 1594712, SEEK_SET)             = 1594712
read(3, "\4\0\0\0\20\0\0\0\5\0\0\0GNU\0\2\0\0\300\4\0\0\0\3\0\0\0\0\0\0\0", 32) = 32
fstat(3, {st_mode=S_IFREG|0755, st_size=1660952, ...}) = 0
lseek(3, 1594712, SEEK_SET)             = 1594712
read(3, "\4\0\0\0\20\0\0\0\5\0\0\0GNU\0\2\0\0\300\4\0\0\0\3\0\0\0\0\0\0\0", 32) = 32
mmap(NULL, 3753504, PROT_READ|PROT_EXEC, MAP_PRIVATE|MAP_DENYWRITE, 3, 0) = 0x7f113f787000
mprotect(0x7f113f90d000, 2093056, PROT_NONE) = 0
mmap(0x7f113fb0c000, 53248, PROT_READ|PROT_WRITE, MAP_PRIVATE|MAP_FIXED|MAP_DENYWRITE, 3, 0x185000) = 0x7f113fb0c000
mmap(0x7f113fb19000, 9760, PROT_READ|PROT_WRITE, MAP_PRIVATE|MAP_FIXED|MAP_ANONYMOUS, -1, 0) = 0x7f113fb19000
close(3)                                = 0
openat(AT_FDCWD, "/lib64/libm.so.6", O_RDONLY|O_CLOEXEC) = 3
read(3, "\177ELF\2\1\1\3\0\0\0\0\0\0\0\0\3\0>\0\1\0\0\0 \305\0\0\0\0\0\0"..., 832) = 832
fstat(3, {st_mode=S_IFREG|0755, st_size=2191848, ...}) = 0
mmap(NULL, 3674432, PROT_READ|PROT_EXEC, MAP_PRIVATE|MAP_DENYWRITE, 3, 0) = 0x7f113f405000
mprotect(0x7f113f586000, 2093056, PROT_NONE) = 0
mmap(0x7f113f785000, 8192, PROT_READ|PROT_WRITE, MAP_PRIVATE|MAP_FIXED|MAP_DENYWRITE, 3, 0x180000) = 0x7f113f785000
close(3)                                = 0
openat(AT_FDCWD, "/lib64/libgcc_s.so.1", O_RDONLY|O_CLOEXEC) = 3
read(3, "\177ELF\2\1\1\0\0\0\0\0\0\0\0\0\3\0>\0\1\0\0\0\0.\0\0\0\0\0\0"..., 832) = 832
lseek(3, 92624, SEEK_SET)               = 92624
read(3, "\4\0\0\0\20\0\0\0\5\0\0\0GNU\0\2\0\0\300\4\0\0\0\3\0\0\0\0\0\0\0", 32) = 32
fstat(3, {st_mode=S_IFREG|0755, st_size=99664, ...}) = 0
lseek(3, 92624, SEEK_SET)               = 92624
read(3, "\4\0\0\0\20\0\0\0\5\0\0\0GNU\0\2\0\0\300\4\0\0\0\3\0\0\0\0\0\0\0", 32) = 32
mmap(NULL, 2192080, PROT_READ|PROT_EXEC, MAP_PRIVATE|MAP_DENYWRITE, 3, 0) = 0x7f113f1ed000
mprotect(0x7f113f204000, 2093056, PROT_NONE) = 0
mmap(0x7f113f403000, 8192, PROT_READ|PROT_WRITE, MAP_PRIVATE|MAP_FIXED|MAP_DENYWRITE, 3, 0x16000) = 0x7f113f403000
close(3)                                = 0
openat(AT_FDCWD, "/lib64/libc.so.6", O_RDONLY|O_CLOEXEC) = 3
read(3, "\177ELF\2\1\1\3\0\0\0\0\0\0\0\0\3\0>\0\1\0\0\0\2405\2\0\0\0\0\0"..., 832) = 832
fstat(3, {st_mode=S_IFREG|0755, st_size=3168000, ...}) = 0
mmap(NULL, 8192, PROT_READ|PROT_WRITE, MAP_PRIVATE|MAP_ANONYMOUS, -1, 0) = 0x7f11403f9000
lseek(3, 808, SEEK_SET)                 = 808
read(3, "\4\0\0\0\20\0\0\0\5\0\0\0GNU\0\2\0\0\300\4\0\0\0\3\0\0\0\0\0\0\0", 32) = 32
mmap(NULL, 3950400, PROT_READ|PROT_EXEC, MAP_PRIVATE|MAP_DENYWRITE, 3, 0) = 0x7f113ee28000
mprotect(0x7f113efe4000, 2093056, PROT_NONE) = 0
mmap(0x7f113f1e3000, 24576, PROT_READ|PROT_WRITE, MAP_PRIVATE|MAP_FIXED|MAP_DENYWRITE, 3, 0x1bb000) = 0x7f113f1e3000
mmap(0x7f113f1e9000, 14144, PROT_READ|PROT_WRITE, MAP_PRIVATE|MAP_FIXED|MAP_ANONYMOUS, -1, 0) = 0x7f113f1e9000
close(3)                                = 0
openat(AT_FDCWD, "/lib64/libdl.so.2", O_RDONLY|O_CLOEXEC) = 3
read(3, "\177ELF\2\1\1\0\0\0\0\0\0\0\0\0\3\0>\0\1\0\0\0\300\20\0\0\0\0\0\0"..., 832) = 832
fstat(3, {st_mode=S_IFREG|0755, st_size=28824, ...}) = 0
mmap(NULL, 2109744, PROT_READ|PROT_EXEC, MAP_PRIVATE|MAP_DENYWRITE, 3, 0) = 0x7f113ec24000
mprotect(0x7f113ec27000, 2093056, PROT_NONE) = 0
mmap(0x7f113ee26000, 8192, PROT_READ|PROT_WRITE, MAP_PRIVATE|MAP_FIXED|MAP_DENYWRITE, 3, 0x2000) = 0x7f113ee26000
close(3)                                = 0
mmap(NULL, 8192, PROT_READ|PROT_WRITE, MAP_PRIVATE|MAP_ANONYMOUS, -1, 0) = 0x7f11403f7000
arch_prctl(ARCH_SET_FS, 0x7f11403f7b80) = 0
mprotect(0x7f113f1e3000, 16384, PROT_READ) = 0
mprotect(0x7f113ee26000, 4096, PROT_READ) = 0
mprotect(0x7f113f403000, 4096, PROT_READ) = 0
mprotect(0x7f113f785000, 4096, PROT_READ) = 0
mmap(NULL, 8192, PROT_READ|PROT_WRITE, MAP_PRIVATE|MAP_ANONYMOUS, -1, 0) = 0x7f11403f5000
mprotect(0x7f113fb0c000, 49152, PROT_READ) = 0
mprotect(0x7f113ffd1000, 4096, PROT_READ) = 0
mprotect(0x7f113fd86000, 8192, PROT_READ) = 0
mprotect(0x7f11401dd000, 4096, PROT_READ) = 0
mprotect(0x604000, 4096, PROT_READ)     = 0
mprotect(0x7f114040b000, 4096, PROT_READ) = 0
munmap(0x7f11403fd000, 55999)           = 0
set_tid_address(0x7f11403f7e50)         = 20492
set_robust_list(0x7f11403f7e60, 24)     = 0
rt_sigaction(SIGRTMIN, {sa_handler=0x7f113fdbd8f0, sa_mask=[], sa_flags=SA_RESTORER|SA_SIGINFO, sa_restorer=0x7f113fdc9b30}, NULL, 8) = 0
rt_sigaction(SIGRT_1, {sa_handler=0x7f113fdbd980, sa_mask=[], sa_flags=SA_RESTORER|SA_RESTART|SA_SIGINFO, sa_restorer=0x7f113fdc9b30}, NULL, 8) = 0
rt_sigprocmask(SIG_UNBLOCK, [RTMIN RT_1], NULL, 8) = 0
prlimit64(0, RLIMIT_STACK, NULL, {rlim_cur=8192*1024, rlim_max=RLIM64_INFINITY}) = 0
brk(NULL)                               = 0x14f6000
brk(0x1517000)                          = 0x1517000
mmap(NULL, 8392704, PROT_NONE, MAP_PRIVATE|MAP_ANONYMOUS|MAP_STACK, -1, 0) = 0x7f113e423000
mprotect(0x7f113e424000, 8388608, PROT_READ|PROT_WRITE) = 0
clone(child_stack=0x7f113ec22fb0, flags=CLONE_VM|CLONE_FS|CLONE_FILES|CLONE_SIGHAND|CLONE_THREAD|CLONE_SYSVSEM|CLONE_SETTLS|CLONE_PARENT_SETTID|CLONE_CHILD_CLEARTID, parent_tid=[20493], tls=0x7f113ec23700, child_tidptr=0x7f113ec239d0) = 20493
futex(0x7f113ec239d0, FUTEX_WAIT, 20493, NULL) = ? ERESTARTSYS (To be restarted if SA_RESTART is set)
--- SIGINT {si_signo=SIGINT, si_code=SI_KERNEL} ---
+++ killed by SIGINT +++
